Q sweep — 2026-05-20 21:15:47
  Dataset:  ucf101
  Models:   vnn_legacy_fusion
  Q values: 1 2 4 8 16
  GPUs:     4,5,6,7  (nproc=4)
  Epochs:   100   BS/GPU: 8   LR: 4e-4
  Logs:     ./logs/q_sweep_20260520_211547/

Monitor:
  tail -f ./logs/q_sweep_20260520_211547/<run>.log
  grep -h 'Best\|exit=' ./logs/q_sweep_20260520_211547/*.log

--- Model: vnn_legacy_fusion ---
  Running ucf101_vnn_legacy_fusion_Q1 ... done
  Running ucf101_vnn_legacy_fusion_Q2 ... done
  Running ucf101_vnn_legacy_fusion_Q4 ... done
  Running ucf101_vnn_legacy_fusion_Q8 ... done
  Running ucf101_vnn_legacy_fusion_Q16 ... done

=============================== SUMMARY ===============================

  vnn_legacy_fusion:
    Q=1  ✓  best val acc: ?
    Q=2  ✓  best val acc: ?
    Q=4  ✓  best val acc: ?
    Q=8  ✓  best val acc: ?
    Q=16  ✓  best val acc: ?

All runs completed successfully.

Logs: ./logs/q_sweep_20260520_211547/
Next: compile Q vs val-acc table for the paper.
